0 info it worked if it ends with ok
1 verbose cli [ '/Users/janeir/.nvm/v0.10.35/bin/node',
1 verbose cli   '/Users/janeir/.nvm/v0.10.35/bin/npm',
1 verbose cli   'install',
1 verbose cli   'grunt-contrib-copy' ]
2 info using npm@1.4.28
3 info using node@v0.10.35
4 warn package.json application-name@0.0.1 No repository field.
5 verbose readDependencies using package.json deps
6 verbose cache add [ 'grunt-contrib-copy', null ]
7 verbose cache add name=undefined spec="grunt-contrib-copy" args=["grunt-contrib-copy",null]
8 verbose parsed url { protocol: null,
8 verbose parsed url   slashes: null,
8 verbose parsed url   auth: null,
8 verbose parsed url   host: null,
8 verbose parsed url   port: null,
8 verbose parsed url   hostname: null,
8 verbose parsed url   hash: null,
8 verbose parsed url   search: null,
8 verbose parsed url   query: null,
8 verbose parsed url   pathname: 'grunt-contrib-copy',
8 verbose parsed url   path: 'grunt-contrib-copy',
8 verbose parsed url   href: 'grunt-contrib-copy' }
9 silly lockFile a84690fa-grunt-contrib-copy grunt-contrib-copy
10 verbose lock grunt-contrib-copy /Users/janeir/.npm/a84690fa-grunt-contrib-copy.lock
11 silly lockFile a84690fa-grunt-contrib-copy grunt-contrib-copy
12 silly lockFile a84690fa-grunt-contrib-copy grunt-contrib-copy
13 verbose addNamed [ 'grunt-contrib-copy', '' ]
14 verbose addNamed [ null, '*' ]
15 silly lockFile 9ec4cea0-grunt-contrib-copy grunt-contrib-copy@
16 verbose lock grunt-contrib-copy@ /Users/janeir/.npm/9ec4cea0-grunt-contrib-copy.lock
17 silly addNameRange { name: 'grunt-contrib-copy', range: '*', hasData: false }
18 verbose request where is /grunt-contrib-copy
19 verbose request registry https://registry.npmjs.org/
20 verbose request id 11cc7581a1129537
21 verbose url raw /grunt-contrib-copy
22 verbose url resolving [ 'https://registry.npmjs.org/', './grunt-contrib-copy' ]
23 verbose url resolved https://registry.npmjs.org/grunt-contrib-copy
24 verbose request where is https://registry.npmjs.org/grunt-contrib-copy
25 info trying registry request attempt 1 at 11:38:45
26 verbose etag "21XKGPGTF6YEEOILM57GOVQGZ"
27 http GET https://registry.npmjs.org/grunt-contrib-copy
28 http 304 https://registry.npmjs.org/grunt-contrib-copy
29 silly registry.get cb [ 304,
29 silly registry.get   { date: 'Thu, 02 Apr 2015 02:38:47 GMT',
29 silly registry.get     server: 'Apache',
29 silly registry.get     via: '1.1 varnish',
29 silly registry.get     'last-modified': 'Thu, 02 Apr 2015 02:38:18 GMT',
29 silly registry.get     'cache-control': 'max-age=60',
29 silly registry.get     etag: '"21XKGPGTF6YEEOILM57GOVQGZ"',
29 silly registry.get     age: '30',
29 silly registry.get     'x-served-by': 'cache-nrt6132-NRT',
29 silly registry.get     'x-cache': 'HIT',
29 silly registry.get     'x-cache-hits': '2',
29 silly registry.get     'x-timer': 'S1427942327.947572,VS0,VE0',
29 silly registry.get     vary: 'Accept',
29 silly registry.get     'content-length': '0',
29 silly registry.get     'keep-alive': 'timeout=10, max=50',
29 silly registry.get     connection: 'Keep-Alive' } ]
30 verbose etag https://registry.npmjs.org/grunt-contrib-copy from cache
31 silly addNameRange number 2 { name: 'grunt-contrib-copy', range: '*', hasData: true }
32 silly addNameRange versions [ 'grunt-contrib-copy',
32 silly addNameRange   [ '0.2.0',
32 silly addNameRange     '0.2.1',
32 silly addNameRange     '0.2.2',
32 silly addNameRange     '0.2.3',
32 silly addNameRange     '0.2.4',
32 silly addNameRange     '0.3.0',
32 silly addNameRange     '0.3.1',
32 silly addNameRange     '0.3.2',
32 silly addNameRange     '0.4.0',
32 silly addNameRange     '0.4.1',
32 silly addNameRange     '0.5.0',
32 silly addNameRange     '0.6.0',
32 silly addNameRange     '0.7.0',
32 silly addNameRange     '0.8.0',
32 silly addNameRange     '0.4.0-rc7' ] ]
33 verbose addNamed [ 'grunt-contrib-copy', '0.8.0' ]
34 verbose addNamed [ '0.8.0', '0.8.0' ]
35 silly lockFile 4ba694f5-grunt-contrib-copy-0-8-0 grunt-contrib-copy@0.8.0
36 verbose lock grunt-contrib-copy@0.8.0 /Users/janeir/.npm/4ba694f5-grunt-contrib-copy-0-8-0.lock
37 silly lockFile 1419f501-opy-grunt-contrib-copy-0-8-0-tgz https://registry.npmjs.org/grunt-contrib-copy/-/grunt-contrib-copy-0.8.0.tgz
38 verbose lock https://registry.npmjs.org/grunt-contrib-copy/-/grunt-contrib-copy-0.8.0.tgz /Users/janeir/.npm/1419f501-opy-grunt-contrib-copy-0-8-0-tgz.lock
39 verbose addRemoteTarball [ 'https://registry.npmjs.org/grunt-contrib-copy/-/grunt-contrib-copy-0.8.0.tgz',
39 verbose addRemoteTarball   'ee3027e65e4f2ffb9525a903c19efd80a8f2479b' ]
40 info retry fetch attempt 1 at 11:38:46
41 verbose fetch to= /var/folders/qw/vvftx0153xjb92zdsr1b6fmm0000gn/T/npm-78821-KmRxZ1VV/registry.npmjs.org/grunt-contrib-copy/-/grunt-contrib-copy-0.8.0.tgz
42 http GET https://registry.npmjs.org/grunt-contrib-copy/-/grunt-contrib-copy-0.8.0.tgz
43 http 200 https://registry.npmjs.org/grunt-contrib-copy/-/grunt-contrib-copy-0.8.0.tgz
44 silly lockFile 1419f501-opy-grunt-contrib-copy-0-8-0-tgz https://registry.npmjs.org/grunt-contrib-copy/-/grunt-contrib-copy-0.8.0.tgz
45 silly lockFile 1419f501-opy-grunt-contrib-copy-0-8-0-tgz https://registry.npmjs.org/grunt-contrib-copy/-/grunt-contrib-copy-0.8.0.tgz
46 silly lockFile 4ba694f5-grunt-contrib-copy-0-8-0 grunt-contrib-copy@0.8.0
47 silly lockFile 4ba694f5-grunt-contrib-copy-0-8-0 grunt-contrib-copy@0.8.0
48 silly lockFile 9ec4cea0-grunt-contrib-copy grunt-contrib-copy@
49 silly lockFile 9ec4cea0-grunt-contrib-copy grunt-contrib-copy@
50 error Error: EACCES, mkdir '/Users/janeir/.npm/grunt-contrib-copy/0.8.0'
50 error  { [Error: EACCES, mkdir '/Users/janeir/.npm/grunt-contrib-copy/0.8.0']
50 error   errno: 3,
50 error   code: 'EACCES',
50 error   path: '/Users/janeir/.npm/grunt-contrib-copy/0.8.0',
50 error   parent: 'application-name' }
51 error Please try running this command again as root/Administrator.
52 error System Darwin 14.1.0
53 error command "/Users/janeir/.nvm/v0.10.35/bin/node" "/Users/janeir/.nvm/v0.10.35/bin/npm" "install" "grunt-contrib-copy"
54 error cwd /Users/janeir/dev/module-checkapp
55 error node -v v0.10.35
56 error npm -v 1.4.28
57 error path /Users/janeir/.npm/grunt-contrib-copy/0.8.0
58 error code EACCES
59 error errno 3
60 error stack Error: EACCES, mkdir '/Users/janeir/.npm/grunt-contrib-copy/0.8.0'
61 verbose exit [ 3, true ]
